  Map.cpp
C:\Users\neron\OneDrive\Documents\GitHub\GamesEngineeringProject\GamesEngineeringProject\GamesEngineeringProject\Map.cpp(26,10): warning C4244: 'initializing': conversion from 'float' to 'int', possible loss of data
C:\Users\neron\OneDrive\Documents\GitHub\GamesEngineeringProject\GamesEngineeringProject\GamesEngineeringProject\Map.cpp(27,10): warning C4244: 'initializing': conversion from 'float' to 'int', possible loss of data
C:\Users\neron\OneDrive\Documents\GitHub\GamesEngineeringProject\GamesEngineeringProject\GamesEngineeringProject\Map.cpp(54,64): warning C4244: 'argument': conversion from 'int' to 'T', possible loss of data
          with
          [
              T=float
          ]
C:\Users\neron\OneDrive\Documents\GitHub\GamesEngineeringProject\GamesEngineeringProject\GamesEngineeringProject\Map.cpp(54,38): warning C4244: 'argument': conversion from 'int' to 'T', possible loss of data
          with
          [
              T=float
          ]
C:\Users\neron\OneDrive\Documents\GitHub\GamesEngineeringProject\GamesEngineeringProject\GamesEngineeringProject\Map.cpp(67,65): warning C4244: 'argument': conversion from 'int' to 'T', possible loss of data
          with
          [
              T=float
          ]
C:\Users\neron\OneDrive\Documents\GitHub\GamesEngineeringProject\GamesEngineeringProject\GamesEngineeringProject\Map.cpp(67,44): warning C4244: 'argument': conversion from 'int' to 'T', possible loss of data
          with
          [
              T=float
          ]
C:\Users\neron\OneDrive\Documents\GitHub\GamesEngineeringProject\GamesEngineeringProject\GamesEngineeringProject\Map.cpp(70,27): warning C4244: '=': conversion from 'int' to 'float', possible loss of data
C:\Users\neron\OneDrive\Documents\GitHub\GamesEngineeringProject\GamesEngineeringProject\GamesEngineeringProject\Map.cpp(87,64): warning C4244: 'argument': conversion from 'int' to 'T', possible loss of data
          with
          [
              T=float
          ]
C:\Users\neron\OneDrive\Documents\GitHub\GamesEngineeringProject\GamesEngineeringProject\GamesEngineeringProject\Map.cpp(87,38): warning C4244: 'argument': conversion from 'int' to 'T', possible loss of data
          with
          [
              T=float
          ]
C:\Users\neron\OneDrive\Documents\GitHub\GamesEngineeringProject\GamesEngineeringProject\GamesEngineeringProject\Map.cpp(98,65): warning C4244: 'argument': conversion from 'int' to 'T', possible loss of data
          with
          [
              T=float
          ]
C:\Users\neron\OneDrive\Documents\GitHub\GamesEngineeringProject\GamesEngineeringProject\GamesEngineeringProject\Map.cpp(98,44): warning C4244: 'argument': conversion from 'int' to 'T', possible loss of data
          with
          [
              T=float
          ]
C:\Users\neron\OneDrive\Documents\GitHub\GamesEngineeringProject\GamesEngineeringProject\GamesEngineeringProject\Map.cpp(117,64): warning C4244: 'argument': conversion from 'int' to 'T', possible loss of data
          with
          [
              T=float
          ]
C:\Users\neron\OneDrive\Documents\GitHub\GamesEngineeringProject\GamesEngineeringProject\GamesEngineeringProject\Map.cpp(117,38): warning C4244: 'argument': conversion from 'int' to 'T', possible loss of data
          with
          [
              T=float
          ]
C:\Users\neron\OneDrive\Documents\GitHub\GamesEngineeringProject\GamesEngineeringProject\GamesEngineeringProject\Map.cpp(128,65): warning C4244: 'argument': conversion from 'int' to 'T', possible loss of data
          with
          [
              T=float
          ]
C:\Users\neron\OneDrive\Documents\GitHub\GamesEngineeringProject\GamesEngineeringProject\GamesEngineeringProject\Map.cpp(128,44): warning C4244: 'argument': conversion from 'int' to 'T', possible loss of data
          with
          [
              T=float
          ]
C:\Users\neron\OneDrive\Documents\GitHub\GamesEngineeringProject\GamesEngineeringProject\GamesEngineeringProject\Map.cpp(251,27): warning C4305: '=': truncation from 'int' to 'float'
C:\Users\neron\OneDrive\Documents\GitHub\GamesEngineeringProject\GamesEngineeringProject\GamesEngineeringProject\Map.cpp(259,35): warning C4244: '=': conversion from 'int' to 'float', possible loss of data
C:\Users\neron\OneDrive\Documents\GitHub\GamesEngineeringProject\GamesEngineeringProject\GamesEngineeringProject\Map.cpp(298,23): warning C4244: 'initializing': conversion from 'float' to 'int', possible loss of data
C:\Users\neron\OneDrive\Documents\GitHub\GamesEngineeringProject\GamesEngineeringProject\GamesEngineeringProject\Map.cpp(305,31): warning C4244: '=': conversion from 'int' to 'float', possible loss of data
C:\Users\neron\OneDrive\Documents\GitHub\GamesEngineeringProject\GamesEngineeringProject\GamesEngineeringProject\Map.cpp(306,44): warning C4244: '=': conversion from 'int' to 'float', possible loss of data
C:\Users\neron\OneDrive\Documents\GitHub\GamesEngineeringProject\GamesEngineeringProject\GamesEngineeringProject\Map.cpp(325,16): warning C4244: 'initializing': conversion from 'float' to 'int', possible loss of data
C:\Users\neron\OneDrive\Documents\GitHub\GamesEngineeringProject\GamesEngineeringProject\GamesEngineeringProject\Map.cpp(327,16): warning C4244: 'initializing': conversion from 'float' to 'int', possible loss of data
  GamesEngineeringProject.vcxproj -> C:\Users\neron\OneDrive\Documents\GitHub\GamesEngineeringProject\GamesEngineeringProject\Debug\GamesEngineeringProject.exe
